mode: atomic
github.com/x-research-team/mattermost-html2md/cmd/server/server.go:32.55,39.16 5 0
github.com/x-research-team/mattermost-html2md/cmd/server/server.go:39.16,41.3 1 0
github.com/x-research-team/mattermost-html2md/cmd/server/server.go:43.2,59.54 8 0
github.com/x-research-team/mattermost-html2md/cmd/server/server.go:59.54,59.68 1 0
github.com/x-research-team/mattermost-html2md/cmd/server/server.go:65.2,65.44 1 0
github.com/x-research-team/mattermost-html2md/cmd/server/server.go:65.44,67.3 1 0
github.com/x-research-team/mattermost-html2md/cmd/server/server.go:69.2,85.37 5 0
github.com/x-research-team/mattermost-html2md/cmd/server/server.go:85.37,87.3 1 0
github.com/x-research-team/mattermost-html2md/cmd/server/server.go:89.2,89.12 1 0
github.com/x-research-team/mattermost-html2md/cmd/server/server.go:92.86,93.22 1 0
github.com/x-research-team/mattermost-html2md/cmd/server/server.go:93.22,98.3 3 0
github.com/x-research-team/mattermost-html2md/internal/config/config.go:37.64,40.29 2 0
github.com/x-research-team/mattermost-html2md/internal/config/config.go:40.29,41.40 1 0
github.com/x-research-team/mattermost-html2md/internal/config/config.go:41.40,43.4 1 0
github.com/x-research-team/mattermost-html2md/internal/config/config.go:46.2,46.39 1 0
github.com/x-research-team/mattermost-html2md/internal/config/config.go:46.39,48.3 1 0
github.com/x-research-team/mattermost-html2md/internal/config/config.go:50.2,50.17 1 0
github.com/x-research-team/mattermost-html2md/cmd/server/cmd/main.go:12.13,14.60 2 0
github.com/x-research-team/mattermost-html2md/cmd/server/cmd/main.go:14.60,16.3 1 0
github.com/x-research-team/mattermost-html2md/internal/api/router.go:35.109,60.2 1 0
github.com/x-research-team/mattermost-html2md/internal/api/router.go:62.36,88.2 3 0
github.com/x-research-team/mattermost-html2md/internal/api/webhook.go:12.60,15.16 2 0
github.com/x-research-team/mattermost-html2md/internal/api/webhook.go:15.16,18.3 2 0
github.com/x-research-team/mattermost-html2md/internal/api/webhook.go:20.2,20.32 1 0
github.com/x-research-team/mattermost-html2md/internal/services/mattermost/service.go:25.86,31.2 1 0
github.com/x-research-team/mattermost-html2md/internal/services/mattermost/service.go:33.72,35.16 2 0
github.com/x-research-team/mattermost-html2md/internal/services/mattermost/service.go:35.16,37.3 1 0
github.com/x-research-team/mattermost-html2md/internal/services/mattermost/service.go:39.2,44.16 2 0
github.com/x-research-team/mattermost-html2md/internal/services/mattermost/service.go:44.16,46.3 1 0
github.com/x-research-team/mattermost-html2md/internal/services/mattermost/service.go:48.2,48.43 1 0
github.com/x-research-team/mattermost-html2md/internal/services/mattermost/service.go:48.43,50.3 1 0
github.com/x-research-team/mattermost-html2md/internal/services/mattermost/service.go:52.2,52.12 1 0
github.com/x-research-team/mattermost-html2md/pkg/models/response/error.go:7.28,11.2 1 0
github.com/x-research-team/mattermost-html2md/pkg/slice/slice.go:3.38,5.31 2 0
github.com/x-research-team/mattermost-html2md/pkg/slice/slice.go:5.31,7.3 1 0
github.com/x-research-team/mattermost-html2md/pkg/slice/slice.go:8.2,8.15 1 0
github.com/x-research-team/mattermost-html2md/internal/api/middleware/logger.go:11.50,12.30 1 0
github.com/x-research-team/mattermost-html2md/internal/api/middleware/logger.go:12.30,23.32 5 0
github.com/x-research-team/mattermost-html2md/internal/api/middleware/logger.go:23.32,25.18 2 0
github.com/x-research-team/mattermost-html2md/internal/api/middleware/logger.go:25.18,27.5 1 0
github.com/x-research-team/mattermost-html2md/internal/api/middleware/logger.go:31.3,31.31 1 0
github.com/x-research-team/mattermost-html2md/internal/api/middleware/logger.go:31.31,43.4 2 0
github.com/x-research-team/mattermost-html2md/internal/api/middleware/logger.go:45.3,54.26 1 0
github.com/x-research-team/mattermost-html2md/internal/api/middleware/metrics.go:16.69,24.16 3 0
github.com/x-research-team/mattermost-html2md/internal/api/middleware/metrics.go:24.16,26.3 1 0
github.com/x-research-team/mattermost-html2md/internal/api/middleware/metrics.go:28.2,32.16 2 0
github.com/x-research-team/mattermost-html2md/internal/api/middleware/metrics.go:32.16,34.3 1 0
github.com/x-research-team/mattermost-html2md/internal/api/middleware/metrics.go:37.2,40.16 2 0
github.com/x-research-team/mattermost-html2md/internal/api/middleware/metrics.go:40.16,42.3 1 0
github.com/x-research-team/mattermost-html2md/internal/api/middleware/metrics.go:44.2,44.30 1 0
github.com/x-research-team/mattermost-html2md/internal/api/middleware/metrics.go:44.30,55.31 4 0
github.com/x-research-team/mattermost-html2md/internal/api/middleware/metrics.go:55.31,61.4 1 0
github.com/x-research-team/mattermost-html2md/internal/api/middleware/metrics.go:61.9,67.4 1 0
github.com/x-research-team/mattermost-html2md/internal/api/middleware/tracer.go:12.49,14.30 2 0
github.com/x-research-team/mattermost-html2md/internal/api/middleware/tracer.go:14.30,22.3 4 0
github.com/x-research-team/mattermost-html2md/pkg/log/adapter.go:12.44,16.2 1 0
github.com/x-research-team/mattermost-html2md/pkg/log/adapter.go:18.53,21.2 1 0
github.com/x-research-team/mattermost-html2md/pkg/log/adapter.go:23.44,26.2 1 0
github.com/x-research-team/mattermost-html2md/pkg/log/adapter.go:28.71,31.2 2 0
github.com/x-research-team/mattermost-html2md/pkg/log/adapter.go:33.64,35.15 1 0
github.com/x-research-team/mattermost-html2md/pkg/log/adapter.go:36.24,37.32 1 0
github.com/x-research-team/mattermost-html2md/pkg/log/adapter.go:38.25,39.33 1 0
github.com/x-research-team/mattermost-html2md/pkg/log/adapter.go:40.24,41.32 1 0
github.com/x-research-team/mattermost-html2md/pkg/log/adapter.go:42.25,43.33 1 0
github.com/x-research-team/mattermost-html2md/pkg/log/adapter.go:44.25,45.33 1 0
github.com/x-research-team/mattermost-html2md/pkg/log/adapter.go:46.25,47.33 1 0
github.com/x-research-team/mattermost-html2md/pkg/log/adapter.go:51.80,53.15 1 0
github.com/x-research-team/mattermost-html2md/pkg/log/adapter.go:54.24,55.37 1 0
github.com/x-research-team/mattermost-html2md/pkg/log/adapter.go:56.25,57.38 1 0
github.com/x-research-team/mattermost-html2md/pkg/log/adapter.go:58.24,59.37 1 0
github.com/x-research-team/mattermost-html2md/pkg/log/adapter.go:60.25,61.38 1 0
github.com/x-research-team/mattermost-html2md/pkg/log/adapter.go:62.25,63.38 1 0
github.com/x-research-team/mattermost-html2md/pkg/log/adapter.go:64.25,65.38 1 0
github.com/x-research-team/mattermost-html2md/pkg/log/adapter.go:69.35,71.2 1 0
github.com/x-research-team/mattermost-html2md/pkg/log/hook.go:8.36,9.73 1 0
github.com/x-research-team/mattermost-html2md/pkg/log/hook.go:9.73,17.3 2 0
github.com/x-research-team/mattermost-html2md/pkg/log/hook.go:19.2,19.75 1 0
github.com/x-research-team/mattermost-html2md/pkg/log/hook.go:19.75,29.3 2 0
github.com/x-research-team/mattermost-html2md/cmd/server/server.go:32.55,39.16 5 0
github.com/x-research-team/mattermost-html2md/cmd/server/server.go:39.16,41.3 1 0
github.com/x-research-team/mattermost-html2md/cmd/server/server.go:43.2,59.54 8 0
github.com/x-research-team/mattermost-html2md/cmd/server/server.go:59.54,59.68 1 0
github.com/x-research-team/mattermost-html2md/cmd/server/server.go:65.2,65.44 1 0
github.com/x-research-team/mattermost-html2md/cmd/server/server.go:65.44,67.3 1 0
github.com/x-research-team/mattermost-html2md/cmd/server/server.go:69.2,85.37 5 0
github.com/x-research-team/mattermost-html2md/cmd/server/server.go:85.37,87.3 1 0
github.com/x-research-team/mattermost-html2md/cmd/server/server.go:89.2,89.12 1 0
github.com/x-research-team/mattermost-html2md/cmd/server/server.go:92.86,93.22 1 0
github.com/x-research-team/mattermost-html2md/cmd/server/server.go:93.22,98.3 3 0
github.com/x-research-team/mattermost-html2md/internal/api/router.go:35.109,60.2 1 0
github.com/x-research-team/mattermost-html2md/internal/api/router.go:62.36,88.2 3 0
github.com/x-research-team/mattermost-html2md/internal/api/webhook.go:12.60,15.16 2 0
github.com/x-research-team/mattermost-html2md/internal/api/webhook.go:15.16,18.3 2 0
github.com/x-research-team/mattermost-html2md/internal/api/webhook.go:20.2,20.32 1 0
github.com/x-research-team/mattermost-html2md/internal/api/middleware/logger.go:11.50,12.30 1 0
github.com/x-research-team/mattermost-html2md/internal/api/middleware/logger.go:12.30,23.32 5 0
github.com/x-research-team/mattermost-html2md/internal/api/middleware/logger.go:23.32,25.18 2 0
github.com/x-research-team/mattermost-html2md/internal/api/middleware/logger.go:25.18,27.5 1 0
github.com/x-research-team/mattermost-html2md/internal/api/middleware/logger.go:31.3,31.31 1 0
github.com/x-research-team/mattermost-html2md/internal/api/middleware/logger.go:31.31,43.4 2 0
github.com/x-research-team/mattermost-html2md/internal/api/middleware/logger.go:45.3,54.26 1 0
github.com/x-research-team/mattermost-html2md/internal/api/middleware/metrics.go:16.69,24.16 3 0
github.com/x-research-team/mattermost-html2md/internal/api/middleware/metrics.go:24.16,26.3 1 0
github.com/x-research-team/mattermost-html2md/internal/api/middleware/metrics.go:28.2,32.16 2 0
github.com/x-research-team/mattermost-html2md/internal/api/middleware/metrics.go:32.16,34.3 1 0
github.com/x-research-team/mattermost-html2md/internal/api/middleware/metrics.go:37.2,40.16 2 0
github.com/x-research-team/mattermost-html2md/internal/api/middleware/metrics.go:40.16,42.3 1 0
github.com/x-research-team/mattermost-html2md/internal/api/middleware/metrics.go:44.2,44.30 1 0
github.com/x-research-team/mattermost-html2md/internal/api/middleware/metrics.go:44.30,55.31 4 0
github.com/x-research-team/mattermost-html2md/internal/api/middleware/metrics.go:55.31,61.4 1 0
github.com/x-research-team/mattermost-html2md/internal/api/middleware/metrics.go:61.9,67.4 1 0
github.com/x-research-team/mattermost-html2md/internal/api/middleware/tracer.go:12.49,14.30 2 0
github.com/x-research-team/mattermost-html2md/internal/api/middleware/tracer.go:14.30,22.3 4 0
github.com/x-research-team/mattermost-html2md/internal/config/config.go:37.64,40.29 2 0
github.com/x-research-team/mattermost-html2md/internal/config/config.go:40.29,41.40 1 0
github.com/x-research-team/mattermost-html2md/internal/config/config.go:41.40,43.4 1 0
github.com/x-research-team/mattermost-html2md/internal/config/config.go:46.2,46.39 1 0
github.com/x-research-team/mattermost-html2md/internal/config/config.go:46.39,48.3 1 0
github.com/x-research-team/mattermost-html2md/internal/config/config.go:50.2,50.17 1 0
github.com/x-research-team/mattermost-html2md/internal/services/mattermost/service.go:25.86,31.2 1 0
github.com/x-research-team/mattermost-html2md/internal/services/mattermost/service.go:33.72,35.16 2 0
github.com/x-research-team/mattermost-html2md/internal/services/mattermost/service.go:35.16,37.3 1 0
github.com/x-research-team/mattermost-html2md/internal/services/mattermost/service.go:39.2,44.16 2 0
github.com/x-research-team/mattermost-html2md/internal/services/mattermost/service.go:44.16,46.3 1 0
github.com/x-research-team/mattermost-html2md/internal/services/mattermost/service.go:48.2,48.43 1 0
github.com/x-research-team/mattermost-html2md/internal/services/mattermost/service.go:48.43,50.3 1 0
github.com/x-research-team/mattermost-html2md/internal/services/mattermost/service.go:52.2,52.12 1 0
github.com/x-research-team/mattermost-html2md/pkg/log/adapter.go:12.44,16.2 1 0
github.com/x-research-team/mattermost-html2md/pkg/log/adapter.go:18.53,21.2 1 0
github.com/x-research-team/mattermost-html2md/pkg/log/adapter.go:23.44,26.2 1 0
github.com/x-research-team/mattermost-html2md/pkg/log/adapter.go:28.71,31.2 2 0
github.com/x-research-team/mattermost-html2md/pkg/log/adapter.go:33.64,35.15 1 0
github.com/x-research-team/mattermost-html2md/pkg/log/adapter.go:36.24,37.32 1 0
github.com/x-research-team/mattermost-html2md/pkg/log/adapter.go:38.25,39.33 1 0
github.com/x-research-team/mattermost-html2md/pkg/log/adapter.go:40.24,41.32 1 0
github.com/x-research-team/mattermost-html2md/pkg/log/adapter.go:42.25,43.33 1 0
github.com/x-research-team/mattermost-html2md/pkg/log/adapter.go:44.25,45.33 1 0
github.com/x-research-team/mattermost-html2md/pkg/log/adapter.go:46.25,47.33 1 0
github.com/x-research-team/mattermost-html2md/pkg/log/adapter.go:51.80,53.15 1 0
github.com/x-research-team/mattermost-html2md/pkg/log/adapter.go:54.24,55.37 1 0
github.com/x-research-team/mattermost-html2md/pkg/log/adapter.go:56.25,57.38 1 0
github.com/x-research-team/mattermost-html2md/pkg/log/adapter.go:58.24,59.37 1 0
github.com/x-research-team/mattermost-html2md/pkg/log/adapter.go:60.25,61.38 1 0
github.com/x-research-team/mattermost-html2md/pkg/log/adapter.go:62.25,63.38 1 0
github.com/x-research-team/mattermost-html2md/pkg/log/adapter.go:64.25,65.38 1 0
github.com/x-research-team/mattermost-html2md/pkg/log/adapter.go:69.35,71.2 1 0
github.com/x-research-team/mattermost-html2md/pkg/log/hook.go:8.36,9.73 1 0
github.com/x-research-team/mattermost-html2md/pkg/log/hook.go:9.73,17.3 2 0
github.com/x-research-team/mattermost-html2md/pkg/log/hook.go:19.2,19.75 1 0
github.com/x-research-team/mattermost-html2md/pkg/log/hook.go:19.75,29.3 2 0
github.com/x-research-team/mattermost-html2md/pkg/models/response/error.go:7.28,11.2 1 0
github.com/x-research-team/mattermost-html2md/pkg/slice/slice.go:3.38,5.31 2 0
github.com/x-research-team/mattermost-html2md/pkg/slice/slice.go:5.31,7.3 1 0
github.com/x-research-team/mattermost-html2md/pkg/slice/slice.go:8.2,8.15 1 0
